<?xml version="1.0"?>
<component name="org.nuxeo.ai.aws.sns.test">

  <extension target="org.nuxeo.ai.sns.NotificationService" point="topics">
    <topic type="detect"
           topicArn="arn:aws:sns:us-east-1:783725821734:ai-rekognition-test-topic"
           path="/ai/test/endpoint"/>
  </extension>

</component>
